<?xml version="1.0" encoding="UTF-8"?>
<!-- Generated by org.testng.reporters.JUnitXMLReporter -->
<testsuite ignored="0" hostname="Yashpal" failures="0" tests="4" name="Default test" time="88.066" errors="0" timestamp="2023-08-11T23:28:19 IST">
  <testcase classname="com.firsttestcase.ResultWithMavn" name="chunnuResult" time="14.699"/>
  <testcase classname="com.firsttestcase.ResultWithMavn" name="sapanaResult" time="12.155"/>
  <testcase classname="com.firsttestcase.ResultWithMavn" name="snehallResult" time="32.564"/>
  <testcase classname="com.firsttestcase.ResultWithMavn" name="yashResult" time="12.84"/>
</testsuite> <!-- Default test -->
