<?xml version="1.0" encoding="UTF-8"?>
<!-- Generated by org.testng.reporters.JUnitXMLReporter -->
<testsuite ignored="1" hostname="Yashpal" failures="0" tests="1" name="Default test" time="26.397" errors="0" timestamp="2023-08-16T19:45:45 IST">
  <testcase classname="com.firsttestcase.PoloTestCase" name="verifySearchResultForPoloMen" time="16.559"/>
  <testcase classname="com.firsttestcase.PoloTestCase" name="verifyCategoryForTopWear" time="0.0">
    <ignored/>
  </testcase> <!-- verifyCategoryForTopWear -->
</testsuite> <!-- Default test -->
