<?xml version="1.0" encoding="UTF-8"?>
<!-- Generated by org.testng.reporters.JUnitXMLReporter -->
<testsuite ignored="7" hostname="Yashpal" failures="0" tests="8" name="Test" time="0.444" errors="0" timestamp="2023-07-27T21:27:09 IST">
  <testcase classname="com.firsttestng.A" name="m1" time="0.026"/>
  <testcase classname="com.firsttestng.A" name="m2" time="0.018"/>
  <testcase classname="com.firsttestng.A" name="m4" time="0.021"/>
  <testcase classname="com.firsttestng.B" name="m1" time="0.006"/>
  <testcase classname="com.firsttestng.B" name="m4" time="0.023"/>
  <testcase classname="com.firsttestng.B" name="m5" time="0.013"/>
  <testcase classname="com.firsttestng.C" name="m3" time="0.02"/>
  <testcase classname="com.firsttestng.C" name="m5" time="0.014"/>
  <testcase classname="com.firsttestng.A" name="m3" time="0.0">
    <ignored/>
  </testcase> <!-- m3 -->
  <testcase classname="com.firsttestng.A" name="m5" time="0.0">
    <ignored/>
  </testcase> <!-- m5 -->
  <testcase classname="com.firsttestng.B" name="m2" time="0.0">
    <ignored/>
  </testcase> <!-- m2 -->
  <testcase classname="com.firsttestng.C" name="m4" time="0.0">
    <ignored/>
  </testcase> <!-- m4 -->
  <testcase classname="com.firsttestng.B" name="m3" time="0.0">
    <ignored/>
  </testcase> <!-- m3 -->
  <testcase classname="com.firsttestng.C" name="m2" time="0.0">
    <ignored/>
  </testcase> <!-- m2 -->
  <testcase classname="com.firsttestng.C" name="m1" time="0.0">
    <ignored/>
  </testcase> <!-- m1 -->
</testsuite> <!-- Test -->
