<?xml version="1.0" encoding="UTF-8"?>
<!-- Generated by org.testng.reporters.JUnitXMLReporter -->
<testsuite ignored="8" hostname="Yashpal" failures="0" tests="7" name="Test" time="0.255" errors="0" timestamp="2023-08-14T22:19:46 IST">
  <testcase classname="com.firsttestng.A" name="m3" time="0.018"/>
  <testcase classname="com.firsttestng.A" name="m5" time="0.004"/>
  <testcase classname="com.firsttestng.B" name="m2" time="0.005"/>
  <testcase classname="com.firsttestng.B" name="m3" time="0.005"/>
  <testcase classname="com.firsttestng.C" name="m1" time="0.01"/>
  <testcase classname="com.firsttestng.C" name="m2" time="0.015"/>
  <testcase classname="com.firsttestng.C" name="m4" time="0.01"/>
  <testcase classname="com.firsttestng.B" name="m4" time="0.0">
    <ignored/>
  </testcase> <!-- m4 -->
  <testcase classname="com.firsttestng.B" name="m1" time="0.0">
    <ignored/>
  </testcase> <!-- m1 -->
  <testcase classname="com.firsttestng.C" name="m5" time="0.0">
    <ignored/>
  </testcase> <!-- m5 -->
  <testcase classname="com.firsttestng.B" name="m5" time="0.0">
    <ignored/>
  </testcase> <!-- m5 -->
  <testcase classname="com.firsttestng.A" name="m2" time="0.0">
    <ignored/>
  </testcase> <!-- m2 -->
  <testcase classname="com.firsttestng.A" name="m1" time="0.0">
    <ignored/>
  </testcase> <!-- m1 -->
  <testcase classname="com.firsttestng.A" name="m4" time="0.0">
    <ignored/>
  </testcase> <!-- m4 -->
  <testcase classname="com.firsttestng.C" name="m3" time="0.0">
    <ignored/>
  </testcase> <!-- m3 -->
</testsuite> <!-- Test -->
