<?xml version="1.0" encoding="UTF-8"?>
<testng-results ignored="0" total="1" passed="1" failed="0" skipped="0">
  <reporter-output>
  </reporter-output>
  <suite started-at="2023-08-02T23:25:30 IST" name="Default suite" finished-at="2023-08-02T23:25:54 IST" duration-ms="24406">
    <groups>
    </groups>
    <test started-at="2023-08-02T23:25:30 IST" name="Default test" finished-at="2023-08-02T23:25:54 IST" duration-ms="24406">
      <class name="com.dataprovider.MySite">
        <test-method signature="letsTest()[pri:0, instance:com.dataprovider.MySite@6d4d66d2]" started-at="2023-08-02T23:25:30 IST" name="letsTest" finished-at="2023-08-02T23:25:54 IST" duration-ms="24280" status="PASS">
          <reporter-output>
          </reporter-output>
        </test-method> <!-- letsTest -->
      </class> <!-- com.dataprovider.MySite -->
    </test> <!-- Default test -->
  </suite> <!-- Default suite -->
</testng-results>
