<?xml version="1.0" encoding="UTF-8"?>
<testng-results ignored="0" total="4" passed="4" failed="0" skipped="0">
  <reporter-output>
  </reporter-output>
  <suite started-at="2023-08-11T23:26:51 IST" name="Default suite" finished-at="2023-08-11T23:28:19 IST" duration-ms="88066">
    <groups>
    </groups>
    <test started-at="2023-08-11T23:26:51 IST" name="Default test" finished-at="2023-08-11T23:28:19 IST" duration-ms="88066">
      <class name="com.firsttestcase.ResultWithMavn">
        <test-method is-config="true" signature="setUp(java.lang.String)[pri:0, instance:com.firsttestcase.ResultWithMavn@17f62e33]" started-at="2023-08-11T23:26:51 IST" name="setUp" finished-at="2023-08-11T23:26:57 IST" duration-ms="6035" status="PASS">
          <params>
            <param index="0">
              <value is-null="true"/>
            </param>
          </params>
          <reporter-output>
          </reporter-output>
        </test-method> <!-- setUp -->
        <test-method signature="chunnuResult()[pri:0, instance:com.firsttestcase.ResultWithMavn@17f62e33]" started-at="2023-08-11T23:26:57 IST" name="chunnuResult" finished-at="2023-08-11T23:27:12 IST" duration-ms="14699" status="PASS">
          <reporter-output>
          </reporter-output>
        </test-method> <!-- chunnuResult -->
        <test-method is-config="true" signature="tearDown()[pri:0, instance:com.firsttestcase.ResultWithMavn@17f62e33]" started-at="2023-08-11T23:27:12 IST" name="tearDown" finished-at="2023-08-11T23:27:12 IST" duration-ms="458" status="PASS">
          <reporter-output>
          </reporter-output>
        </test-method> <!-- tearDown -->
        <test-method is-config="true" signature="setUp(java.lang.String)[pri:0, instance:com.firsttestcase.ResultWithMavn@17f62e33]" started-at="2023-08-11T23:27:12 IST" name="setUp" finished-at="2023-08-11T23:27:15 IST" duration-ms="2502" status="PASS">
          <params>
            <param index="0">
              <value is-null="true"/>
            </param>
          </params>
          <reporter-output>
          </reporter-output>
        </test-method> <!-- setUp -->
        <test-method signature="sapanaResult()[pri:0, instance:com.firsttestcase.ResultWithMavn@17f62e33]" started-at="2023-08-11T23:27:15 IST" name="sapanaResult" finished-at="2023-08-11T23:27:27 IST" duration-ms="12155" status="PASS">
          <reporter-output>
          </reporter-output>
        </test-method> <!-- sapanaResult -->
        <test-method is-config="true" signature="tearDown()[pri:0, instance:com.firsttestcase.ResultWithMavn@17f62e33]" started-at="2023-08-11T23:27:27 IST" name="tearDown" finished-at="2023-08-11T23:27:27 IST" duration-ms="417" status="PASS">
          <reporter-output>
          </reporter-output>
        </test-method> <!-- tearDown -->
        <test-method is-config="true" signature="setUp(java.lang.String)[pri:0, instance:com.firsttestcase.ResultWithMavn@17f62e33]" started-at="2023-08-11T23:27:27 IST" name="setUp" finished-at="2023-08-11T23:27:30 IST" duration-ms="2877" status="PASS">
          <params>
            <param index="0">
              <value is-null="true"/>
            </param>
          </params>
          <reporter-output>
          </reporter-output>
        </test-method> <!-- setUp -->
        <test-method signature="snehallResult()[pri:0, instance:com.firsttestcase.ResultWithMavn@17f62e33]" started-at="2023-08-11T23:27:30 IST" name="snehallResult" finished-at="2023-08-11T23:28:03 IST" duration-ms="32564" status="PASS">
          <reporter-output>
          </reporter-output>
        </test-method> <!-- snehallResult -->
        <test-method is-config="true" signature="tearDown()[pri:0, instance:com.firsttestcase.ResultWithMavn@17f62e33]" started-at="2023-08-11T23:28:03 IST" name="tearDown" finished-at="2023-08-11T23:28:03 IST" duration-ms="440" status="PASS">
          <reporter-output>
          </reporter-output>
        </test-method> <!-- tearDown -->
        <test-method is-config="true" signature="setUp(java.lang.String)[pri:0, instance:com.firsttestcase.ResultWithMavn@17f62e33]" started-at="2023-08-11T23:28:03 IST" name="setUp" finished-at="2023-08-11T23:28:06 IST" duration-ms="2532" status="PASS">
          <params>
            <param index="0">
              <value is-null="true"/>
            </param>
          </params>
          <reporter-output>
          </reporter-output>
        </test-method> <!-- setUp -->
        <test-method signature="yashResult()[pri:0, instance:com.firsttestcase.ResultWithMavn@17f62e33]" started-at="2023-08-11T23:28:06 IST" name="yashResult" finished-at="2023-08-11T23:28:19 IST" duration-ms="12840" status="PASS">
          <reporter-output>
          </reporter-output>
        </test-method> <!-- yashResult -->
        <test-method is-config="true" signature="tearDown()[pri:0, instance:com.firsttestcase.ResultWithMavn@17f62e33]" started-at="2023-08-11T23:28:19 IST" name="tearDown" finished-at="2023-08-11T23:28:19 IST" duration-ms="391" status="PASS">
          <reporter-output>
          </reporter-output>
        </test-method> <!-- tearDown -->
      </class> <!-- com.firsttestcase.ResultWithMavn -->
    </test> <!-- Default test -->
  </suite> <!-- Default suite -->
</testng-results>
