<?xml version="1.0" encoding="UTF-8"?>
<testng-results ignored="1" total="2" passed="1" failed="0" skipped="0">
  <reporter-output>
  </reporter-output>
  <suite started-at="2023-08-16T19:45:19 IST" name="Default suite" finished-at="2023-08-16T19:45:45 IST" duration-ms="26397">
    <groups>
    </groups>
    <test started-at="2023-08-16T19:45:19 IST" name="Default test" finished-at="2023-08-16T19:45:45 IST" duration-ms="26397">
      <class name="com.firsttestcase.PoloTestCase">
        <test-method is-config="true" signature="setUp(java.lang.String)[pri:0, instance:com.firsttestcase.PoloTestCase@5d0bf09b]" started-at="2023-08-16T19:45:19 IST" name="setUp" finished-at="2023-08-16T19:45:27 IST" duration-ms="8486" status="PASS">
          <params>
            <param index="0">
              <value is-null="true"/>
            </param>
          </params>
          <reporter-output>
          </reporter-output>
        </test-method> <!-- setUp -->
        <test-method signature="verifySearchResultForPoloMen()[pri:0, instance:com.firsttestcase.PoloTestCase@5d0bf09b]" started-at="2023-08-16T19:45:27 IST" name="verifySearchResultForPoloMen" finished-at="2023-08-16T19:45:44 IST" duration-ms="16559" status="PASS">
          <reporter-output>
          </reporter-output>
        </test-method> <!-- verifySearchResultForPoloMen -->
        <test-method is-config="true" signature="tearDown()[pri:0, instance:com.firsttestcase.PoloTestCase@5d0bf09b]" started-at="2023-08-16T19:45:44 IST" name="tearDown" finished-at="2023-08-16T19:45:45 IST" duration-ms="1219" status="PASS">
          <reporter-output>
          </reporter-output>
        </test-method> <!-- tearDown -->
      </class> <!-- com.firsttestcase.PoloTestCase -->
    </test> <!-- Default test -->
  </suite> <!-- Default suite -->
</testng-results>
